{
  "stats": {
    "suites": 8,
    "tests": 22,
    "passes": 22,
    "pending": 0,
    "failures": 0,
    "start": "2025-11-08T01:28:41.175Z",
    "end": "2025-11-08T01:29:21.658Z",
    "duration": 40483,
    "testsRegistered": 22,
    "passPercent": 100,
    "pendingPercent": 0,
    "other": 0,
    "hasOther": false,
    "skipped": 0,
    "hasSkipped": false
  },
  "results": [
    {
      "uuid": "02a8eae2-47a9-497d-859e-ee69297e44ab",
      "title": "",
      "fullFile": "",
      "file": "",
      "beforeHooks": [],
      "afterHooks": [],
      "tests": [
        {
          "title": "Deve retornar 500 Erro interno ao buscar informações",
          "fullTitle": "Deve retornar 500 Erro interno ao buscar informações",
          "timedOut": false,
          "duration": 245,
          "state": "passed",
          "speed": "slow",
          "pass": true,
          "fail": false,
          "pending": false,
          "context": null,
          "code": "const res = await request(apiUrl)\n    .get('/info')\n    .query({ tipo: 'forcar_erro_integracao', cidade: 'São Paulo' });\nexpect(res.status).to.be.oneOf([502, 503, 500, 404]);",
          "err": {},
          "uuid": "0ef5430a-fb0d-4206-821f-646d259ee428",
          "parentUUID": "02a8eae2-47a9-497d-859e-ee69297e44ab",
          "isHook": false,
          "skipped": false
        }
      ],
      "suites": [
        {
          "uuid": "d70d8b35-b26b-47c3-9162-700a693b593c",
          "title": "GET /info",
          "fullFile": "C:\\projetos\\monitor-cidadao-api\\test\\Info.test.js",
          "file": "\\test\\Info.test.js",
          "beforeHooks": [],
          "afterHooks": [],
          "tests": [
            {
              "title": "Deve retornar 200 Informações agregadas retornadas com sucesso",
              "fullTitle": "GET /info Deve retornar 200 Informações agregadas retornadas com sucesso",
              "timedOut": false,
              "duration": 30,
              "state": "passed",
              "speed": "fast",
              "pass": true,
              "fail": false,
              "pending": false,
              "context": null,
              "code": "const res = await request(apiUrl)\n    .get('/info')\n    .query({ tipo: 'restaurante', cidade: 'São Paulo' });\nexpect(res.status).to.be.oneOf([200, 404]);\nexpect(res.body).to.satisfy(val => Array.isArray(val) || (typeof val === 'object' && Object.keys(val).length === 0));\nif (Array.isArray(res.body) && res.body.length > 0) {\n    expect(res.body[0]).to.have.property('nome');\n    expect(res.body[0]).to.have.property('endereco');\n}",
              "err": {},
              "uuid": "2727d8a2-a4b4-42f1-9914-6dd89c2a72d7",
              "parentUUID": "d70d8b35-b26b-47c3-9162-700a693b593c",
              "isHook": false,
              "skipped": false
            },
            {
              "title": "Deve retornar apenas aeroportos quando tipo=aeroporto",
              "fullTitle": "GET /info Deve retornar apenas aeroportos quando tipo=aeroporto",
              "timedOut": false,
              "duration": 125,
              "state": "passed",
              "speed": "slow",
              "pass": true,
              "fail": false,
              "pending": false,
              "context": null,
              "code": "const res = await request(apiUrl)\n    .get('/info')\n    .query({ tipo: 'aeroporto', cidade: 'São Paulo' });\nexpect(res.status).to.be.oneOf([200, 404]);\nexpect(res.body).to.satisfy(val => Array.isArray(val) || (typeof val === 'object' && Object.keys(val).length === 0));\nif (Array.isArray(res.body) && res.body.length > 0) {\n    expect(res.body[0].nome.toLowerCase()).to.match(/aeroporto|airport/);\n}",
              "err": {},
              "uuid": "0103c992-8de4-4624-9e2a-43a550f304b1",
              "parentUUID": "d70d8b35-b26b-47c3-9162-700a693b593c",
              "isHook": false,
              "skipped": false
            },
            {
              "title": "Deve retornar lista vazia para tipo inexistente",
              "fullTitle": "GET /info Deve retornar lista vazia para tipo inexistente",
              "timedOut": false,
              "duration": 29,
              "state": "passed",
              "speed": "fast",
              "pass": true,
              "fail": false,
              "pending": false,
              "context": null,
              "code": "const res = await request(apiUrl)\n    .get('/info')\n    .query({ tipo: 'tipoinexistente', cidade: 'São Paulo' });\nexpect(res.status).to.be.oneOf([200, 404]);\nexpect(res.body).to.satisfy(val => Array.isArray(val) || (typeof val === 'object' && Object.keys(val).length === 0));\nif (Array.isArray(res.body)) {\n    expect(res.body).to.be.an('array').that.is.empty;\n}",
              "err": {},
              "uuid": "8b09b109-0e10-4210-9922-93b6e690827d",
              "parentUUID": "d70d8b35-b26b-47c3-9162-700a693b593c",
              "isHook": false,
              "skipped": false
            },
            {
              "title": "Deve retornar 400 Localização não informada ou inválida",
              "fullTitle": "GET /info Deve retornar 400 Localização não informada ou inválida",
              "timedOut": false,
              "duration": 31,
              "state": "passed",
              "speed": "fast",
              "pass": true,
              "fail": false,
              "pending": false,
              "context": null,
              "code": "const res = await request(apiUrl)\n    .get('/info')\n    .query({ tipo: 'restaurante', lat: 'abc', lng: 'xyz' });\nexpect(res.status).to.be.oneOf([400, 422, 404]);",
              "err": {},
              "uuid": "5c263336-ba66-4be3-add1-d7f0048a93a8",
              "parentUUID": "d70d8b35-b26b-47c3-9162-700a693b593c",
              "isHook": false,
              "skipped": false
            },
            {
              "title": "Deve retornar lista vazia se não houver resultados",
              "fullTitle": "GET /info Deve retornar lista vazia se não houver resultados",
              "timedOut": false,
              "duration": 120,
              "state": "passed",
              "speed": "slow",
              "pass": true,
              "fail": false,
              "pending": false,
              "context": null,
              "code": "const res = await request(apiUrl)\n    .get('/info')\n    .query({ tipo: 'restaurante', cidade: 'CidadeQueNaoExiste' });\nexpect(res.status).to.be.oneOf([200, 404]);\nexpect(res.body).to.satisfy(val => Array.isArray(val) || (typeof val === 'object' && Object.keys(val).length === 0));\nif (Array.isArray(res.body)) {\n    expect(res.body).to.be.an('array').that.is.empty;\n}",
              "err": {},
              "uuid": "82c4983a-aa6e-4311-955f-ff9d6c8a10c8",
              "parentUUID": "d70d8b35-b26b-47c3-9162-700a693b593c",
              "isHook": false,
              "skipped": false
            }
          ],
          "suites": [],
          "passes": [
            "2727d8a2-a4b4-42f1-9914-6dd89c2a72d7",
            "0103c992-8de4-4624-9e2a-43a550f304b1",
            "8b09b109-0e10-4210-9922-93b6e690827d",
            "5c263336-ba66-4be3-add1-d7f0048a93a8",
            "82c4983a-aa6e-4311-955f-ff9d6c8a10c8"
          ],
          "failures": [],
          "pending": [],
          "skipped": [],
          "duration": 335,
          "root": false,
          "rootEmpty": false,
          "_timeout": 200000
        },
        {
          "uuid": "1c42c717-cd03-42ac-bbb3-4c764391b8fd",
          "title": "Login",
          "fullFile": "C:\\projetos\\monitor-cidadao-api\\test\\login.test.js",
          "file": "\\test\\login.test.js",
          "beforeHooks": [],
          "afterHooks": [],
          "tests": [],
          "suites": [
            {
              "uuid": "67333dba-615e-408a-85d9-eecb52257739",
              "title": "POST /users/login",
              "fullFile": "C:\\projetos\\monitor-cidadao-api\\test\\login.test.js",
              "file": "\\test\\login.test.js",
              "beforeHooks": [
                {
                  "title": "\"before each\" hook in \"POST /users/login\"",
                  "fullTitle": "Login POST /users/login \"before each\" hook in \"POST /users/login\"",
                  "timedOut": false,
                  "duration": 3034,
                  "state": null,
                  "speed": null,
                  "pass": false,
                  "fail": false,
                  "pending": false,
                  "context": null,
                  "code": "user = { ...postRegister, email: 'login' + Date.now() + '@teste.com' };\nconst res = await request(apiUrl).post('/users/register').send(user);\nconst userId = res.body.id;\nawait request(apiUrl).get(`/users/validate/${userId}`);",
                  "err": {},
                  "uuid": "f372afee-e480-45a4-bef1-a509be09073e",
                  "parentUUID": "67333dba-615e-408a-85d9-eecb52257739",
                  "isHook": true,
                  "skipped": false
                }
              ],
              "afterHooks": [],
              "tests": [
                {
                  "title": "Deve retornar 200 com um token em string quando usar credenciais válidas",
                  "fullTitle": "Login POST /users/login Deve retornar 200 com um token em string quando usar credenciais válidas",
                  "timedOut": false,
                  "duration": 33,
                  "state": "passed",
                  "speed": "fast",
                  "pass": true,
                  "fail": false,
                  "pending": false,
                  "context": null,
                  "code": "const res = await request(apiUrl)\n    .post('/users/login')\n    .send({ email: user.email, password: user.password });\nexpect(res.status).to.equal(200);\nexpect(res.body).to.have.property('token');\nexpect(res.body.token).to.be.a('string');\nexpect(res.body.validated).to.be.true;",
                  "err": {},
                  "uuid": "7a9c2a99-e8f0-4c64-9e67-01fec485e006",
                  "parentUUID": "67333dba-615e-408a-85d9-eecb52257739",
                  "isHook": false,
                  "skipped": false
                },
                {
                  "title": "Deve retornar 403 se o usuário não estiver validado",
                  "fullTitle": "Login POST /users/login Deve retornar 403 se o usuário não estiver validado",
                  "timedOut": false,
                  "duration": 3646,
                  "state": "passed",
                  "speed": "slow",
                  "pass": true,
                  "fail": false,
                  "pending": false,
                  "context": null,
                  "code": "const unvalidated = { ...postRegister, email: 'naovalidado' + Date.now() + '@teste.com' };\nawait request(apiUrl).post('/users/register').send(unvalidated);\nconst res = await request(apiUrl)\n    .post('/users/login')\n    .send({ email: unvalidated.email, password: unvalidated.password });\nexpect(res.status).to.equal(403);\nexpect(res.body).to.have.property('error');",
                  "err": {},
                  "uuid": "dac42628-699a-4538-831b-70c4039ee32c",
                  "parentUUID": "67333dba-615e-408a-85d9-eecb52257739",
                  "isHook": false,
                  "skipped": false
                },
                {
                  "title": "Deve retornar 401 Credenciais inválidas",
                  "fullTitle": "Login POST /users/login Deve retornar 401 Credenciais inválidas",
                  "timedOut": false,
                  "duration": 12,
                  "state": "passed",
                  "speed": "fast",
                  "pass": true,
                  "fail": false,
                  "pending": false,
                  "context": null,
                  "code": "const res = await request(apiUrl)\n    .post('/users/login')\n    .send({ email: 'emailinvalido' + Date.now() + '@teste.com', password: 'senhaErrada' });\nexpect(res.status).to.equal(401);\nexpect(res.body).to.have.property('error');",
                  "err": {},
                  "uuid": "45fc9c02-6f96-448e-b118-fb0c95eb777d",
                  "parentUUID": "67333dba-615e-408a-85d9-eecb52257739",
                  "isHook": false,
                  "skipped": false
                }
              ],
              "suites": [],
              "passes": [
                "7a9c2a99-e8f0-4c64-9e67-01fec485e006",
                "dac42628-699a-4538-831b-70c4039ee32c",
                "45fc9c02-6f96-448e-b118-fb0c95eb777d"
              ],
              "failures": [],
              "pending": [],
              "skipped": [],
              "duration": 3691,
              "root": false,
              "rootEmpty": false,
              "_timeout": 200000
            }
          ],
          "passes": [],
          "failures": [],
          "pending": [],
          "skipped": [],
          "duration": 0,
          "root": false,
          "rootEmpty": false,
          "_timeout": 200000
        },
        {
          "uuid": "30524f8c-2b30-4abf-954c-660f5b8f31aa",
          "title": "Cadastro de Usuário",
          "fullFile": "C:\\projetos\\monitor-cidadao-api\\test\\register.test.js",
          "file": "\\test\\register.test.js",
          "beforeHooks": [],
          "afterHooks": [],
          "tests": [
            {
              "title": "Deve cadastrar e retornar 201 Usuário cadastrado (não validado). E-mail de validação enviado",
              "fullTitle": "Cadastro de Usuário Deve cadastrar e retornar 201 Usuário cadastrado (não validado). E-mail de validação enviado",
              "timedOut": false,
              "duration": 3013,
              "state": "passed",
              "speed": "slow",
              "pass": true,
              "fail": false,
              "pending": false,
              "context": null,
              "code": "const res = await request(apiUrl)\n  .post('/users/register')\n  .send(postRegister);\nexpect(res.status).to.equal(201);\nexpect(res.body).to.have.property('id');\nexpect(res.body).to.have.property('message');\nexpect(res.body.name).to.equal(postRegister.name);\nexpect(res.body.email).to.equal(postRegister.email);\nexpect(res.body.city).to.equal(postRegister.city);\nexpect(res.body.state).to.equal(postRegister.state);",
              "err": {},
              "uuid": "1686272a-3b26-4714-aa55-374c4842a27b",
              "parentUUID": "30524f8c-2b30-4abf-954c-660f5b8f31aa",
              "isHook": false,
              "skipped": false
            },
            {
              "title": "Deve retornar 400 Dados obrigatórios ausentes",
              "fullTitle": "Cadastro de Usuário Deve retornar 400 Dados obrigatórios ausentes",
              "timedOut": false,
              "duration": 18,
              "state": "passed",
              "speed": "fast",
              "pass": true,
              "fail": false,
              "pending": false,
              "context": null,
              "code": "const res = await request(apiUrl)\n  .post('/users/register')\n  .send({ email: 'faltadados@teste.com' });\nexpect(res.status).to.equal(400);\nexpect(res.body).to.have.property('error');",
              "err": {},
              "uuid": "0fbaf0f1-6a52-4b69-a64b-26cf83ee2ec6",
              "parentUUID": "30524f8c-2b30-4abf-954c-660f5b8f31aa",
              "isHook": false,
              "skipped": false
            },
            {
              "title": "Deve retornar 409 E-mail já cadastrado",
              "fullTitle": "Cadastro de Usuário Deve retornar 409 E-mail já cadastrado",
              "timedOut": false,
              "duration": 3399,
              "state": "passed",
              "speed": "slow",
              "pass": true,
              "fail": false,
              "pending": false,
              "context": null,
              "code": "const user = { ...postRegister, email: 'duplicado' + Date.now() + '@teste.com' };\nawait request(apiUrl).post('/users/register').send(user);\nconst res = await request(apiUrl).post('/users/register').send(user);\nexpect(res.status).to.equal(409);\nexpect(res.body).to.have.property('error');",
              "err": {},
              "uuid": "e86b51d4-c845-49f0-b41c-ef6d24b7c553",
              "parentUUID": "30524f8c-2b30-4abf-954c-660f5b8f31aa",
              "isHook": false,
              "skipped": false
            },
            {
              "title": "Deve validar o e-mail após cadastro",
              "fullTitle": "Cadastro de Usuário Deve validar o e-mail após cadastro",
              "timedOut": false,
              "duration": 3267,
              "state": "passed",
              "speed": "slow",
              "pass": true,
              "fail": false,
              "pending": false,
              "context": null,
              "code": "const user = { ...postRegister, email: 'validacao' + Date.now() + '@teste.com' };\nconst res = await request(apiUrl).post('/users/register').send(user);\nconst userId = res.body.id;\nconst validateRes = await request(apiUrl).get(`/users/validate/${userId}`);\nexpect(validateRes.status).to.equal(200);\nexpect(validateRes.text).to.include('E-mail validado');",
              "err": {},
              "uuid": "bf706594-b6c0-4bb1-bc7b-2248df564d78",
              "parentUUID": "30524f8c-2b30-4abf-954c-660f5b8f31aa",
              "isHook": false,
              "skipped": false
            }
          ],
          "suites": [],
          "passes": [
            "1686272a-3b26-4714-aa55-374c4842a27b",
            "0fbaf0f1-6a52-4b69-a64b-26cf83ee2ec6",
            "e86b51d4-c845-49f0-b41c-ef6d24b7c553",
            "bf706594-b6c0-4bb1-bc7b-2248df564d78"
          ],
          "failures": [],
          "pending": [],
          "skipped": [],
          "duration": 9697,
          "root": false,
          "rootEmpty": false,
          "_timeout": 200000
        },
        {
          "uuid": "3731f5f9-eb43-48f6-8e86-1730788655a2",
          "title": "Perfil",
          "fullFile": "C:\\projetos\\monitor-cidadao-api\\test\\userProfile.test.js",
          "file": "\\test\\userProfile.test.js",
          "beforeHooks": [],
          "afterHooks": [],
          "tests": [],
          "suites": [
            {
              "uuid": "7d5f20e4-1270-446e-ad13-ced661c07b06",
              "title": "GET /users/profile",
              "fullFile": "C:\\projetos\\monitor-cidadao-api\\test\\userProfile.test.js",
              "file": "\\test\\userProfile.test.js",
              "beforeHooks": [],
              "afterHooks": [],
              "tests": [
                {
                  "title": "Deve retornar 200 Dados do usuário",
                  "fullTitle": "Perfil GET /users/profile Deve retornar 200 Dados do usuário",
                  "timedOut": false,
                  "duration": 2957,
                  "state": "passed",
                  "speed": "slow",
                  "pass": true,
                  "fail": false,
                  "pending": false,
                  "context": null,
                  "code": "const { token, user } = await createAndLoginUser();\nconst res = await request(apiUrl)\n    .get('/users/profile')\n    .set('Authorization', `Bearer ${token}`);\nexpect(res.status).to.equal(200);\nexpect(res.body).to.have.property('email', user.email);",
                  "err": {},
                  "uuid": "41f85f2c-2647-4d98-b5ea-925578dd660f",
                  "parentUUID": "7d5f20e4-1270-446e-ad13-ced661c07b06",
                  "isHook": false,
                  "skipped": false
                },
                {
                  "title": "Deve retornar 401 Não autenticado",
                  "fullTitle": "Perfil GET /users/profile Deve retornar 401 Não autenticado",
                  "timedOut": false,
                  "duration": 10,
                  "state": "passed",
                  "speed": "fast",
                  "pass": true,
                  "fail": false,
                  "pending": false,
                  "context": null,
                  "code": "const res = await request(apiUrl).get('/users/profile');\nexpect(res.status).to.equal(401);\nexpect(res.body).to.have.property('error');\nexpect(res.body.error.toLowerCase()).to.include('token não fornecido');",
                  "err": {},
                  "uuid": "dbda33a6-a1a7-4253-a333-42a324e1689b",
                  "parentUUID": "7d5f20e4-1270-446e-ad13-ced661c07b06",
                  "isHook": false,
                  "skipped": false
                },
                {
                  "title": "Deve retornar 403 Usuário não encontrado",
                  "fullTitle": "Perfil GET /users/profile Deve retornar 403 Usuário não encontrado",
                  "timedOut": false,
                  "duration": 9,
                  "state": "passed",
                  "speed": "fast",
                  "pass": true,
                  "fail": false,
                  "pending": false,
                  "context": null,
                  "code": "const res = await request(apiUrl)\n    .get('/users/profile')\n    .set('Authorization', 'Bearer tokeninvalido');\nexpect(res.status).to.equal(403);",
                  "err": {},
                  "uuid": "af5af2c1-e3ae-4998-973f-bd219d079abe",
                  "parentUUID": "7d5f20e4-1270-446e-ad13-ced661c07b06",
                  "isHook": false,
                  "skipped": false
                }
              ],
              "suites": [],
              "passes": [
                "41f85f2c-2647-4d98-b5ea-925578dd660f",
                "dbda33a6-a1a7-4253-a333-42a324e1689b",
                "af5af2c1-e3ae-4998-973f-bd219d079abe"
              ],
              "failures": [],
              "pending": [],
              "skipped": [],
              "duration": 2976,
              "root": false,
              "rootEmpty": false,
              "_timeout": 200000
            },
            {
              "uuid": "a007b0ec-cf4a-489a-b66d-27ddd883229c",
              "title": "PATCH /users/profile",
              "fullFile": "C:\\projetos\\monitor-cidadao-api\\test\\userProfile.test.js",
              "file": "\\test\\userProfile.test.js",
              "beforeHooks": [],
              "afterHooks": [],
              "tests": [
                {
                  "title": "Deve retornar 200 Usuário atualizado",
                  "fullTitle": "Perfil PATCH /users/profile Deve retornar 200 Usuário atualizado",
                  "timedOut": false,
                  "duration": 2919,
                  "state": "passed",
                  "speed": "slow",
                  "pass": true,
                  "fail": false,
                  "pending": false,
                  "context": null,
                  "code": "const { token } = await createAndLoginUser();\nconst res = await request(apiUrl)\n    .patch('/users/profile')\n    .set('Authorization', `Bearer ${token}`)\n    .send({ nome: 'Nome Parcial' });\nexpect(res.status).to.equal(200);\n// Se a resposta não retorna o campo atualizado, apenas verifica o status",
                  "err": {},
                  "uuid": "b9b8aab2-81e4-4e84-9e15-3ee1f279647e",
                  "parentUUID": "a007b0ec-cf4a-489a-b66d-27ddd883229c",
                  "isHook": false,
                  "skipped": false
                },
                {
                  "title": "Deve retornar 401 Não autenticado",
                  "fullTitle": "Perfil PATCH /users/profile Deve retornar 401 Não autenticado",
                  "timedOut": false,
                  "duration": 9,
                  "state": "passed",
                  "speed": "fast",
                  "pass": true,
                  "fail": false,
                  "pending": false,
                  "context": null,
                  "code": "const res = await request(apiUrl)\n    .patch('/users/profile')\n    .send({ nome: 'Nome Parcial' });\nexpect(res.status).to.equal(401);\nexpect(res.body).to.have.property('error');\nexpect(res.body.error.toLowerCase()).to.include('token não fornecido');",
                  "err": {},
                  "uuid": "4376289d-a0c5-4de2-b5ff-12ac6c755ee8",
                  "parentUUID": "a007b0ec-cf4a-489a-b66d-27ddd883229c",
                  "isHook": false,
                  "skipped": false
                },
                {
                  "title": "Deve retornar 200 Dados inválidos (API retorna 200)",
                  "fullTitle": "Perfil PATCH /users/profile Deve retornar 200 Dados inválidos (API retorna 200)",
                  "timedOut": false,
                  "duration": 3247,
                  "state": "passed",
                  "speed": "slow",
                  "pass": true,
                  "fail": false,
                  "pending": false,
                  "context": null,
                  "code": "const { token } = await createAndLoginUser();\nconst res = await request(apiUrl)\n    .patch('/users/profile')\n    .set('Authorization', `Bearer ${token}`)\n    .send({ email: 'emailinvalido' });\nexpect(res.status).to.equal(200);",
                  "err": {},
                  "uuid": "40bf408b-7d43-4d83-a719-2df0c422bb73",
                  "parentUUID": "a007b0ec-cf4a-489a-b66d-27ddd883229c",
                  "isHook": false,
                  "skipped": false
                }
              ],
              "suites": [],
              "passes": [
                "b9b8aab2-81e4-4e84-9e15-3ee1f279647e",
                "4376289d-a0c5-4de2-b5ff-12ac6c755ee8",
                "40bf408b-7d43-4d83-a719-2df0c422bb73"
              ],
              "failures": [],
              "pending": [],
              "skipped": [],
              "duration": 6175,
              "root": false,
              "rootEmpty": false,
              "_timeout": 200000
            },
            {
              "uuid": "6f58e00e-436c-4680-b2c2-21350b58fe20",
              "title": "DELETE /users/profile",
              "fullFile": "C:\\projetos\\monitor-cidadao-api\\test\\userProfile.test.js",
              "file": "\\test\\userProfile.test.js",
              "beforeHooks": [],
              "afterHooks": [],
              "tests": [
                {
                  "title": "Deve retornar 204 Perfil excluído com sucesso. Nenhum conteúdo retornado",
                  "fullTitle": "Perfil DELETE /users/profile Deve retornar 204 Perfil excluído com sucesso. Nenhum conteúdo retornado",
                  "timedOut": false,
                  "duration": 3016,
                  "state": "passed",
                  "speed": "slow",
                  "pass": true,
                  "fail": false,
                  "pending": false,
                  "context": null,
                  "code": "const { token } = await createAndLoginUser();\nconst res = await request(apiUrl)\n    .delete('/users/profile')\n    .set('Authorization', `Bearer ${token}`);\nexpect(res.status).to.equal(204);",
                  "err": {},
                  "uuid": "497527da-f99b-4973-bda4-f0e870420873",
                  "parentUUID": "6f58e00e-436c-4680-b2c2-21350b58fe20",
                  "isHook": false,
                  "skipped": false
                },
                {
                  "title": "Deve retornar 401 Não autenticado",
                  "fullTitle": "Perfil DELETE /users/profile Deve retornar 401 Não autenticado",
                  "timedOut": false,
                  "duration": 8,
                  "state": "passed",
                  "speed": "fast",
                  "pass": true,
                  "fail": false,
                  "pending": false,
                  "context": null,
                  "code": "const res = await request(apiUrl).delete('/users/profile');\nexpect(res.status).to.equal(401);\nexpect(res.body).to.have.property('error');\nexpect(res.body.error.toLowerCase()).to.include('token não fornecido');",
                  "err": {},
                  "uuid": "5e36c63e-e521-45af-b0a0-54700bd72708",
                  "parentUUID": "6f58e00e-436c-4680-b2c2-21350b58fe20",
                  "isHook": false,
                  "skipped": false
                },
                {
                  "title": "Deve retornar 401 Erro ao excluir perfil",
                  "fullTitle": "Perfil DELETE /users/profile Deve retornar 401 Erro ao excluir perfil",
                  "timedOut": false,
                  "duration": 3571,
                  "state": "passed",
                  "speed": "slow",
                  "pass": true,
                  "fail": false,
                  "pending": false,
                  "context": null,
                  "code": "const { token } = await createAndLoginUser();\nawait request(apiUrl)\n    .delete('/users/profile')\n    .set('Authorization', `Bearer ${token}`);\nconst res = await request(apiUrl)\n    .delete('/users/profile')\n    .set('Authorization', `Bearer ${token}`);\nexpect(res.status).to.equal(401);",
                  "err": {},
                  "uuid": "d79555b8-b05d-4299-95be-e7e0ce310e64",
                  "parentUUID": "6f58e00e-436c-4680-b2c2-21350b58fe20",
                  "isHook": false,
                  "skipped": false
                }
              ],
              "suites": [],
              "passes": [
                "497527da-f99b-4973-bda4-f0e870420873",
                "5e36c63e-e521-45af-b0a0-54700bd72708",
                "d79555b8-b05d-4299-95be-e7e0ce310e64"
              ],
              "failures": [],
              "pending": [],
              "skipped": [],
              "duration": 6595,
              "root": false,
              "rootEmpty": false,
              "_timeout": 200000
            }
          ],
          "passes": [],
          "failures": [],
          "pending": [],
          "skipped": [],
          "duration": 0,
          "root": false,
          "rootEmpty": false,
          "_timeout": 200000
        }
      ],
      "passes": [
        "0ef5430a-fb0d-4206-821f-646d259ee428"
      ],
      "failures": [],
      "pending": [],
      "skipped": [],
      "duration": 245,
      "root": true,
      "rootEmpty": false,
      "_timeout": 200000
    }
  ],
  "meta": {
    "mocha": {
      "version": "11.7.5"
    },
    "mochawesome": {
      "options": {
        "quiet": false,
        "reportFilename": "mochawesome",
        "saveHtml": true,
        "saveJson": true,
        "consoleReporter": "spec",
        "useInlineDiffs": false,
        "code": true
      },
      "version": "7.1.4"
    },
    "marge": {
      "options": null,
      "version": "6.3.2"
    }
  }
}