{
  "stats": {
    "suites": 8,
    "tests": 22,
    "passes": 22,
    "pending": 0,
    "failures": 0,
    "start": "2025-11-17T23:39:29.681Z",
    "end": "2025-11-17T23:40:04.695Z",
    "duration": 35014,
    "testsRegistered": 22,
    "passPercent": 100,
    "pendingPercent": 0,
    "other": 0,
    "hasOther": false,
    "skipped": 0,
    "hasSkipped": false
  },
  "results": [
    {
      "uuid": "5601d1b5-e41e-48b6-ab5b-be89fed36cf9",
      "title": "",
      "fullFile": "",
      "file": "",
      "beforeHooks": [],
      "afterHooks": [],
      "tests": [
        {
          "title": "Deve retornar 500 Erro interno ao buscar informações",
          "fullTitle": "Deve retornar 500 Erro interno ao buscar informações",
          "timedOut": false,
          "duration": 252,
          "state": "passed",
          "speed": "slow",
          "pass": true,
          "fail": false,
          "pending": false,
          "context": null,
          "code": "const res = await request(apiUrl)\n    .get('/info')\n    .query({ tipo: 'forcar_erro_integracao', cidade: 'São Paulo' });\nexpect(res.status).to.be.oneOf([502, 503, 500, 404]);",
          "err": {},
          "uuid": "9201f56c-c345-4f3b-9c42-81bb8a6399c9",
          "parentUUID": "5601d1b5-e41e-48b6-ab5b-be89fed36cf9",
          "isHook": false,
          "skipped": false
        }
      ],
      "suites": [
        {
          "uuid": "be29706f-f28c-4cd6-a6d6-d2804c792718",
          "title": "GET /info",
          "fullFile": "C:\\projetos\\monitor-cidadao-api\\test\\info.test.js",
          "file": "\\test\\info.test.js",
          "beforeHooks": [],
          "afterHooks": [],
          "tests": [
            {
              "title": "Deve retornar 200 Informações agregadas retornadas com sucesso",
              "fullTitle": "GET /info Deve retornar 200 Informações agregadas retornadas com sucesso",
              "timedOut": false,
              "duration": 68,
              "state": "passed",
              "speed": "medium",
              "pass": true,
              "fail": false,
              "pending": false,
              "context": null,
              "code": "const res = await request(apiUrl)\n    .get('/info')\n    .query({ tipo: 'restaurante', cidade: 'São Paulo' });\nexpect(res.status).to.be.oneOf([200, 404]);\nexpect(res.body).to.satisfy(val => Array.isArray(val) || (typeof val === 'object' && Object.keys(val).length === 0));\nif (Array.isArray(res.body) && res.body.length > 0) {\n    expect(res.body[0]).to.have.property('nome');\n    expect(res.body[0]).to.have.property('endereco');\n}",
              "err": {},
              "uuid": "e5f389eb-0d13-4abf-8168-e61ae663a39a",
              "parentUUID": "be29706f-f28c-4cd6-a6d6-d2804c792718",
              "isHook": false,
              "skipped": false
            },
            {
              "title": "Deve retornar apenas aeroportos quando tipo=aeroporto",
              "fullTitle": "GET /info Deve retornar apenas aeroportos quando tipo=aeroporto",
              "timedOut": false,
              "duration": 83,
              "state": "passed",
              "speed": "slow",
              "pass": true,
              "fail": false,
              "pending": false,
              "context": null,
              "code": "const res = await request(apiUrl)\n    .get('/info')\n    .query({ tipo: 'aeroporto', cidade: 'São Paulo' });\nexpect(res.status).to.be.oneOf([200, 404]);\nexpect(res.body).to.satisfy(val => Array.isArray(val) || (typeof val === 'object' && Object.keys(val).length === 0));\nif (Array.isArray(res.body) && res.body.length > 0) {\n    expect(res.body[0].nome.toLowerCase()).to.match(/aeroporto|airport/);\n}",
              "err": {},
              "uuid": "a1454e99-86c3-478a-b4d0-0407dc79b4e4",
              "parentUUID": "be29706f-f28c-4cd6-a6d6-d2804c792718",
              "isHook": false,
              "skipped": false
            },
            {
              "title": "Deve retornar lista vazia para tipo inexistente",
              "fullTitle": "GET /info Deve retornar lista vazia para tipo inexistente",
              "timedOut": false,
              "duration": 68,
              "state": "passed",
              "speed": "medium",
              "pass": true,
              "fail": false,
              "pending": false,
              "context": null,
              "code": "const res = await request(apiUrl)\n    .get('/info')\n    .query({ tipo: 'tipoinexistente', cidade: 'São Paulo' });\nexpect(res.status).to.be.oneOf([200, 404]);\nexpect(res.body).to.satisfy(val => Array.isArray(val) || (typeof val === 'object' && Object.keys(val).length === 0));\nif (Array.isArray(res.body)) {\n    expect(res.body).to.be.an('array').that.is.empty;\n}",
              "err": {},
              "uuid": "389bff9f-ba3d-4d77-aecd-0393ec37ae48",
              "parentUUID": "be29706f-f28c-4cd6-a6d6-d2804c792718",
              "isHook": false,
              "skipped": false
            },
            {
              "title": "Deve retornar 400 Localização não informada ou inválida",
              "fullTitle": "GET /info Deve retornar 400 Localização não informada ou inválida",
              "timedOut": false,
              "duration": 86,
              "state": "passed",
              "speed": "slow",
              "pass": true,
              "fail": false,
              "pending": false,
              "context": null,
              "code": "const res = await request(apiUrl)\n    .get('/info')\n    .query({ tipo: 'restaurante', lat: 'abc', lng: 'xyz' });\nexpect(res.status).to.be.oneOf([400, 422, 404]);",
              "err": {},
              "uuid": "6cf19720-627d-4328-a016-c92c8311f562",
              "parentUUID": "be29706f-f28c-4cd6-a6d6-d2804c792718",
              "isHook": false,
              "skipped": false
            },
            {
              "title": "Deve retornar lista vazia se não houver resultados",
              "fullTitle": "GET /info Deve retornar lista vazia se não houver resultados",
              "timedOut": false,
              "duration": 27,
              "state": "passed",
              "speed": "fast",
              "pass": true,
              "fail": false,
              "pending": false,
              "context": null,
              "code": "const res = await request(apiUrl)\n    .get('/info')\n    .query({ tipo: 'restaurante', cidade: 'CidadeQueNaoExiste' });\nexpect(res.status).to.be.oneOf([200, 404]);\nexpect(res.body).to.satisfy(val => Array.isArray(val) || (typeof val === 'object' && Object.keys(val).length === 0));\nif (Array.isArray(res.body)) {\n    expect(res.body).to.be.an('array').that.is.empty;\n}",
              "err": {},
              "uuid": "5e459e43-87ad-4ed4-aaf7-89f403e87c7a",
              "parentUUID": "be29706f-f28c-4cd6-a6d6-d2804c792718",
              "isHook": false,
              "skipped": false
            }
          ],
          "suites": [],
          "passes": [
            "e5f389eb-0d13-4abf-8168-e61ae663a39a",
            "a1454e99-86c3-478a-b4d0-0407dc79b4e4",
            "389bff9f-ba3d-4d77-aecd-0393ec37ae48",
            "6cf19720-627d-4328-a016-c92c8311f562",
            "5e459e43-87ad-4ed4-aaf7-89f403e87c7a"
          ],
          "failures": [],
          "pending": [],
          "skipped": [],
          "duration": 332,
          "root": false,
          "rootEmpty": false,
          "_timeout": 200000
        },
        {
          "uuid": "cf630463-0ea1-43b5-9cff-38435656ca29",
          "title": "Login",
          "fullFile": "C:\\projetos\\monitor-cidadao-api\\test\\login.test.js",
          "file": "\\test\\login.test.js",
          "beforeHooks": [],
          "afterHooks": [],
          "tests": [],
          "suites": [
            {
              "uuid": "b656d44e-2fac-4deb-91fa-7ff6bae6adc1",
              "title": "POST /users/login",
              "fullFile": "C:\\projetos\\monitor-cidadao-api\\test\\login.test.js",
              "file": "\\test\\login.test.js",
              "beforeHooks": [
                {
                  "title": "\"before each\" hook in \"POST /users/login\"",
                  "fullTitle": "Login POST /users/login \"before each\" hook in \"POST /users/login\"",
                  "timedOut": false,
                  "duration": 2563,
                  "state": null,
                  "speed": null,
                  "pass": false,
                  "fail": false,
                  "pending": false,
                  "context": null,
                  "code": "user = { ...postRegister, email: 'login' + Date.now() + '@teste.com' };\nconst res = await request(apiUrl).post('/users/register').send(user);\nconst userId = res.body.id;\nawait request(apiUrl).get(`/users/validate/${userId}`);",
                  "err": {},
                  "uuid": "6a79c4e9-8816-47a6-bfb0-e7e34b38d7e4",
                  "parentUUID": "b656d44e-2fac-4deb-91fa-7ff6bae6adc1",
                  "isHook": true,
                  "skipped": false
                }
              ],
              "afterHooks": [],
              "tests": [
                {
                  "title": "Deve retornar 200 com um token em string quando usar credenciais válidas",
                  "fullTitle": "Login POST /users/login Deve retornar 200 com um token em string quando usar credenciais válidas",
                  "timedOut": false,
                  "duration": 43,
                  "state": "passed",
                  "speed": "medium",
                  "pass": true,
                  "fail": false,
                  "pending": false,
                  "context": null,
                  "code": "const res = await request(apiUrl)\n    .post('/users/login')\n    .send({ email: user.email, password: user.password });\nexpect(res.status).to.equal(200);\nexpect(res.body).to.have.property('token');\nexpect(res.body.token).to.be.a('string');\nexpect(res.body.validated).to.be.true;",
                  "err": {},
                  "uuid": "4f34679a-6ff3-45b8-b254-8012842d5faa",
                  "parentUUID": "b656d44e-2fac-4deb-91fa-7ff6bae6adc1",
                  "isHook": false,
                  "skipped": false
                },
                {
                  "title": "Deve retornar 403 se o usuário não estiver validado",
                  "fullTitle": "Login POST /users/login Deve retornar 403 se o usuário não estiver validado",
                  "timedOut": false,
                  "duration": 2911,
                  "state": "passed",
                  "speed": "slow",
                  "pass": true,
                  "fail": false,
                  "pending": false,
                  "context": null,
                  "code": "const unvalidated = { ...postRegister, email: 'naovalidado' + Date.now() + '@teste.com' };\nawait request(apiUrl).post('/users/register').send(unvalidated);\nconst res = await request(apiUrl)\n    .post('/users/login')\n    .send({ email: unvalidated.email, password: unvalidated.password });\nexpect(res.status).to.equal(403);\nexpect(res.body).to.have.property('error');",
                  "err": {},
                  "uuid": "ac474185-9b16-40fe-add4-7fbd6920a49c",
                  "parentUUID": "b656d44e-2fac-4deb-91fa-7ff6bae6adc1",
                  "isHook": false,
                  "skipped": false
                },
                {
                  "title": "Deve retornar 401 Credenciais inválidas",
                  "fullTitle": "Login POST /users/login Deve retornar 401 Credenciais inválidas",
                  "timedOut": false,
                  "duration": 14,
                  "state": "passed",
                  "speed": "fast",
                  "pass": true,
                  "fail": false,
                  "pending": false,
                  "context": null,
                  "code": "const res = await request(apiUrl)\n    .post('/users/login')\n    .send({ email: 'emailinvalido' + Date.now() + '@teste.com', password: 'senhaErrada' });\nexpect(res.status).to.equal(401);\nexpect(res.body).to.have.property('error');",
                  "err": {},
                  "uuid": "be6d2409-4830-4349-bc59-238f20eb15b2",
                  "parentUUID": "b656d44e-2fac-4deb-91fa-7ff6bae6adc1",
                  "isHook": false,
                  "skipped": false
                }
              ],
              "suites": [],
              "passes": [
                "4f34679a-6ff3-45b8-b254-8012842d5faa",
                "ac474185-9b16-40fe-add4-7fbd6920a49c",
                "be6d2409-4830-4349-bc59-238f20eb15b2"
              ],
              "failures": [],
              "pending": [],
              "skipped": [],
              "duration": 2968,
              "root": false,
              "rootEmpty": false,
              "_timeout": 200000
            }
          ],
          "passes": [],
          "failures": [],
          "pending": [],
          "skipped": [],
          "duration": 0,
          "root": false,
          "rootEmpty": false,
          "_timeout": 200000
        },
        {
          "uuid": "5d372cba-5c8b-4307-a764-282c2bc3b7f8",
          "title": "Cadastro de Usuário",
          "fullFile": "C:\\projetos\\monitor-cidadao-api\\test\\register.test.js",
          "file": "\\test\\register.test.js",
          "beforeHooks": [],
          "afterHooks": [],
          "tests": [
            {
              "title": "Deve cadastrar e retornar 201 Usuário cadastrado (não validado). E-mail de validação enviado",
              "fullTitle": "Cadastro de Usuário Deve cadastrar e retornar 201 Usuário cadastrado (não validado). E-mail de validação enviado",
              "timedOut": false,
              "duration": 2508,
              "state": "passed",
              "speed": "slow",
              "pass": true,
              "fail": false,
              "pending": false,
              "context": null,
              "code": "const res = await request(apiUrl)\n  .post('/users/register')\n  .send(postRegister);\nexpect(res.status).to.equal(201);\nexpect(res.body).to.have.property('id');\nexpect(res.body).to.have.property('message');\nexpect(res.body.name).to.equal(postRegister.name);\nexpect(res.body.email).to.equal(postRegister.email);\nexpect(res.body.city).to.equal(postRegister.city);\nexpect(res.body.state).to.equal(postRegister.state);",
              "err": {},
              "uuid": "4e871ad4-289f-464f-93c1-79b63faeec7a",
              "parentUUID": "5d372cba-5c8b-4307-a764-282c2bc3b7f8",
              "isHook": false,
              "skipped": false
            },
            {
              "title": "Deve retornar 400 Dados obrigatórios ausentes",
              "fullTitle": "Cadastro de Usuário Deve retornar 400 Dados obrigatórios ausentes",
              "timedOut": false,
              "duration": 18,
              "state": "passed",
              "speed": "fast",
              "pass": true,
              "fail": false,
              "pending": false,
              "context": null,
              "code": "const res = await request(apiUrl)\n  .post('/users/register')\n  .send({ email: 'faltadados@teste.com' });\nexpect(res.status).to.equal(400);\nexpect(res.body).to.have.property('error');",
              "err": {},
              "uuid": "4155bbff-33fe-4152-a514-fbc163f1ef87",
              "parentUUID": "5d372cba-5c8b-4307-a764-282c2bc3b7f8",
              "isHook": false,
              "skipped": false
            },
            {
              "title": "Deve retornar 409 E-mail já cadastrado",
              "fullTitle": "Cadastro de Usuário Deve retornar 409 E-mail já cadastrado",
              "timedOut": false,
              "duration": 2553,
              "state": "passed",
              "speed": "slow",
              "pass": true,
              "fail": false,
              "pending": false,
              "context": null,
              "code": "const user = { ...postRegister, email: 'duplicado' + Date.now() + '@teste.com' };\nawait request(apiUrl).post('/users/register').send(user);\nconst res = await request(apiUrl).post('/users/register').send(user);\nexpect(res.status).to.equal(409);\nexpect(res.body).to.have.property('error');",
              "err": {},
              "uuid": "c0529d8f-6d77-4067-b9eb-47cccfeb01d7",
              "parentUUID": "5d372cba-5c8b-4307-a764-282c2bc3b7f8",
              "isHook": false,
              "skipped": false
            },
            {
              "title": "Deve validar o e-mail após cadastro",
              "fullTitle": "Cadastro de Usuário Deve validar o e-mail após cadastro",
              "timedOut": false,
              "duration": 2360,
              "state": "passed",
              "speed": "slow",
              "pass": true,
              "fail": false,
              "pending": false,
              "context": null,
              "code": "const user = { ...postRegister, email: 'validacao' + Date.now() + '@teste.com' };\nconst res = await request(apiUrl).post('/users/register').send(user);\nconst userId = res.body.id;\nconst validateRes = await request(apiUrl).get(`/users/validate/${userId}`);\nexpect(validateRes.status).to.equal(200);\nexpect(validateRes.text).to.include('E-mail validado');",
              "err": {},
              "uuid": "2657f76d-33c2-41d0-9845-d8594ea14612",
              "parentUUID": "5d372cba-5c8b-4307-a764-282c2bc3b7f8",
              "isHook": false,
              "skipped": false
            }
          ],
          "suites": [],
          "passes": [
            "4e871ad4-289f-464f-93c1-79b63faeec7a",
            "4155bbff-33fe-4152-a514-fbc163f1ef87",
            "c0529d8f-6d77-4067-b9eb-47cccfeb01d7",
            "2657f76d-33c2-41d0-9845-d8594ea14612"
          ],
          "failures": [],
          "pending": [],
          "skipped": [],
          "duration": 7439,
          "root": false,
          "rootEmpty": false,
          "_timeout": 200000
        },
        {
          "uuid": "f4863a47-49cf-469b-9422-6c4968dc0419",
          "title": "Perfil",
          "fullFile": "C:\\projetos\\monitor-cidadao-api\\test\\userProfile.test.js",
          "file": "\\test\\userProfile.test.js",
          "beforeHooks": [],
          "afterHooks": [],
          "tests": [],
          "suites": [
            {
              "uuid": "ecc384c8-2ef8-44b3-88b1-5d96981ba96d",
              "title": "GET /users/profile",
              "fullFile": "C:\\projetos\\monitor-cidadao-api\\test\\userProfile.test.js",
              "file": "\\test\\userProfile.test.js",
              "beforeHooks": [],
              "afterHooks": [],
              "tests": [
                {
                  "title": "Deve retornar 200 Dados do usuário",
                  "fullTitle": "Perfil GET /users/profile Deve retornar 200 Dados do usuário",
                  "timedOut": false,
                  "duration": 2517,
                  "state": "passed",
                  "speed": "slow",
                  "pass": true,
                  "fail": false,
                  "pending": false,
                  "context": null,
                  "code": "const { token, user } = await createAndLoginUser();\nconst res = await request(apiUrl)\n    .get('/users/profile')\n    .set('Authorization', `Bearer ${token}`);\nexpect(res.status).to.equal(200);\nexpect(res.body).to.have.property('email', user.email);",
                  "err": {},
                  "uuid": "de49981c-31cc-4165-beb3-7c24c8c525ab",
                  "parentUUID": "ecc384c8-2ef8-44b3-88b1-5d96981ba96d",
                  "isHook": false,
                  "skipped": false
                },
                {
                  "title": "Deve retornar 401 Não autenticado",
                  "fullTitle": "Perfil GET /users/profile Deve retornar 401 Não autenticado",
                  "timedOut": false,
                  "duration": 9,
                  "state": "passed",
                  "speed": "fast",
                  "pass": true,
                  "fail": false,
                  "pending": false,
                  "context": null,
                  "code": "const res = await request(apiUrl).get('/users/profile');\nexpect(res.status).to.equal(401);\nexpect(res.body).to.have.property('error');\nexpect(res.body.error.toLowerCase()).to.include('token não fornecido');",
                  "err": {},
                  "uuid": "e005df42-acd3-46e2-81f7-8c069cc90020",
                  "parentUUID": "ecc384c8-2ef8-44b3-88b1-5d96981ba96d",
                  "isHook": false,
                  "skipped": false
                },
                {
                  "title": "Deve retornar 403 Usuário não encontrado",
                  "fullTitle": "Perfil GET /users/profile Deve retornar 403 Usuário não encontrado",
                  "timedOut": false,
                  "duration": 9,
                  "state": "passed",
                  "speed": "fast",
                  "pass": true,
                  "fail": false,
                  "pending": false,
                  "context": null,
                  "code": "const res = await request(apiUrl)\n    .get('/users/profile')\n    .set('Authorization', 'Bearer tokeninvalido');\nexpect(res.status).to.equal(403);",
                  "err": {},
                  "uuid": "16c88f8e-f694-484c-ae51-5b204a67e995",
                  "parentUUID": "ecc384c8-2ef8-44b3-88b1-5d96981ba96d",
                  "isHook": false,
                  "skipped": false
                }
              ],
              "suites": [],
              "passes": [
                "de49981c-31cc-4165-beb3-7c24c8c525ab",
                "e005df42-acd3-46e2-81f7-8c069cc90020",
                "16c88f8e-f694-484c-ae51-5b204a67e995"
              ],
              "failures": [],
              "pending": [],
              "skipped": [],
              "duration": 2535,
              "root": false,
              "rootEmpty": false,
              "_timeout": 200000
            },
            {
              "uuid": "a32ddc01-8e04-4253-9886-ebf99d36546c",
              "title": "PATCH /users/profile",
              "fullFile": "C:\\projetos\\monitor-cidadao-api\\test\\userProfile.test.js",
              "file": "\\test\\userProfile.test.js",
              "beforeHooks": [],
              "afterHooks": [],
              "tests": [
                {
                  "title": "Deve retornar 200 Usuário atualizado",
                  "fullTitle": "Perfil PATCH /users/profile Deve retornar 200 Usuário atualizado",
                  "timedOut": false,
                  "duration": 3026,
                  "state": "passed",
                  "speed": "slow",
                  "pass": true,
                  "fail": false,
                  "pending": false,
                  "context": null,
                  "code": "const { token } = await createAndLoginUser();\nconst res = await request(apiUrl)\n    .patch('/users/profile')\n    .set('Authorization', `Bearer ${token}`)\n    .send({ nome: 'Nome Parcial' });\nexpect(res.status).to.equal(200);\n// Se a resposta não retorna o campo atualizado, apenas verifica o status",
                  "err": {},
                  "uuid": "f3fa56c5-a952-4c50-a814-04d5989c9a7b",
                  "parentUUID": "a32ddc01-8e04-4253-9886-ebf99d36546c",
                  "isHook": false,
                  "skipped": false
                },
                {
                  "title": "Deve retornar 401 Não autenticado",
                  "fullTitle": "Perfil PATCH /users/profile Deve retornar 401 Não autenticado",
                  "timedOut": false,
                  "duration": 9,
                  "state": "passed",
                  "speed": "fast",
                  "pass": true,
                  "fail": false,
                  "pending": false,
                  "context": null,
                  "code": "const res = await request(apiUrl)\n    .patch('/users/profile')\n    .send({ nome: 'Nome Parcial' });\nexpect(res.status).to.equal(401);\nexpect(res.body).to.have.property('error');\nexpect(res.body.error.toLowerCase()).to.include('token não fornecido');",
                  "err": {},
                  "uuid": "164bea32-cc7f-424d-8e45-23476a06c08b",
                  "parentUUID": "a32ddc01-8e04-4253-9886-ebf99d36546c",
                  "isHook": false,
                  "skipped": false
                },
                {
                  "title": "Deve retornar 200 Dados inválidos (API retorna 200)",
                  "fullTitle": "Perfil PATCH /users/profile Deve retornar 200 Dados inválidos (API retorna 200)",
                  "timedOut": false,
                  "duration": 3106,
                  "state": "passed",
                  "speed": "slow",
                  "pass": true,
                  "fail": false,
                  "pending": false,
                  "context": null,
                  "code": "const { token } = await createAndLoginUser();\nconst res = await request(apiUrl)\n    .patch('/users/profile')\n    .set('Authorization', `Bearer ${token}`)\n    .send({ email: 'emailinvalido' });\nexpect(res.status).to.equal(200);",
                  "err": {},
                  "uuid": "1f772ef5-d25f-461e-b364-8efc95ae6bec",
                  "parentUUID": "a32ddc01-8e04-4253-9886-ebf99d36546c",
                  "isHook": false,
                  "skipped": false
                }
              ],
              "suites": [],
              "passes": [
                "f3fa56c5-a952-4c50-a814-04d5989c9a7b",
                "164bea32-cc7f-424d-8e45-23476a06c08b",
                "1f772ef5-d25f-461e-b364-8efc95ae6bec"
              ],
              "failures": [],
              "pending": [],
              "skipped": [],
              "duration": 6141,
              "root": false,
              "rootEmpty": false,
              "_timeout": 200000
            },
            {
              "uuid": "b62c121e-a050-4f03-b8b4-3ebff394b8af",
              "title": "DELETE /users/profile",
              "fullFile": "C:\\projetos\\monitor-cidadao-api\\test\\userProfile.test.js",
              "file": "\\test\\userProfile.test.js",
              "beforeHooks": [],
              "afterHooks": [],
              "tests": [
                {
                  "title": "Deve retornar 204 Perfil excluído com sucesso. Nenhum conteúdo retornado",
                  "fullTitle": "Perfil DELETE /users/profile Deve retornar 204 Perfil excluído com sucesso. Nenhum conteúdo retornado",
                  "timedOut": false,
                  "duration": 2422,
                  "state": "passed",
                  "speed": "slow",
                  "pass": true,
                  "fail": false,
                  "pending": false,
                  "context": null,
                  "code": "const { token } = await createAndLoginUser();\nconst res = await request(apiUrl)\n    .delete('/users/profile')\n    .set('Authorization', `Bearer ${token}`);\nexpect(res.status).to.equal(204);",
                  "err": {},
                  "uuid": "f1b2828f-8e4f-4b9e-aff0-ecc066f732a7",
                  "parentUUID": "b62c121e-a050-4f03-b8b4-3ebff394b8af",
                  "isHook": false,
                  "skipped": false
                },
                {
                  "title": "Deve retornar 401 Não autenticado",
                  "fullTitle": "Perfil DELETE /users/profile Deve retornar 401 Não autenticado",
                  "timedOut": false,
                  "duration": 10,
                  "state": "passed",
                  "speed": "fast",
                  "pass": true,
                  "fail": false,
                  "pending": false,
                  "context": null,
                  "code": "const res = await request(apiUrl).delete('/users/profile');\nexpect(res.status).to.equal(401);\nexpect(res.body).to.have.property('error');\nexpect(res.body.error.toLowerCase()).to.include('token não fornecido');",
                  "err": {},
                  "uuid": "45927d17-8f30-401e-ada9-c1309b01272e",
                  "parentUUID": "b62c121e-a050-4f03-b8b4-3ebff394b8af",
                  "isHook": false,
                  "skipped": false
                },
                {
                  "title": "Deve retornar 401 Erro ao excluir perfil",
                  "fullTitle": "Perfil DELETE /users/profile Deve retornar 401 Erro ao excluir perfil",
                  "timedOut": false,
                  "duration": 2587,
                  "state": "passed",
                  "speed": "slow",
                  "pass": true,
                  "fail": false,
                  "pending": false,
                  "context": null,
                  "code": "const { token } = await createAndLoginUser();\nawait request(apiUrl)\n    .delete('/users/profile')\n    .set('Authorization', `Bearer ${token}`);\nconst res = await request(apiUrl)\n    .delete('/users/profile')\n    .set('Authorization', `Bearer ${token}`);\nexpect(res.status).to.equal(401);",
                  "err": {},
                  "uuid": "fa4b33a1-5e6c-45ff-9f3b-cbbc9df7151d",
                  "parentUUID": "b62c121e-a050-4f03-b8b4-3ebff394b8af",
                  "isHook": false,
                  "skipped": false
                }
              ],
              "suites": [],
              "passes": [
                "f1b2828f-8e4f-4b9e-aff0-ecc066f732a7",
                "45927d17-8f30-401e-ada9-c1309b01272e",
                "fa4b33a1-5e6c-45ff-9f3b-cbbc9df7151d"
              ],
              "failures": [],
              "pending": [],
              "skipped": [],
              "duration": 5019,
              "root": false,
              "rootEmpty": false,
              "_timeout": 200000
            }
          ],
          "passes": [],
          "failures": [],
          "pending": [],
          "skipped": [],
          "duration": 0,
          "root": false,
          "rootEmpty": false,
          "_timeout": 200000
        }
      ],
      "passes": [
        "9201f56c-c345-4f3b-9c42-81bb8a6399c9"
      ],
      "failures": [],
      "pending": [],
      "skipped": [],
      "duration": 252,
      "root": true,
      "rootEmpty": false,
      "_timeout": 200000
    }
  ],
  "meta": {
    "mocha": {
      "version": "11.7.5"
    },
    "mochawesome": {
      "options": {
        "quiet": false,
        "reportFilename": "mochawesome",
        "saveHtml": true,
        "saveJson": true,
        "consoleReporter": "spec",
        "useInlineDiffs": false,
        "code": true
      },
      "version": "7.1.4"
    },
    "marge": {
      "options": null,
      "version": "6.3.2"
    }
  }
}